CRITICAL - 2020-06-13 04:55:48 --> Access denied for user ''@'localhost' (using password: NO)
#0 /Users/sebgates/testci4blog/system/Database/BaseConnection.php(377): CodeIgniter\Database\MySQLi\Connection->connect(false)
#1 /Users/sebgates/testci4blog/system/Database/BaseConnection.php(643): CodeIgniter\Database\BaseConnection->initialize()
#2 /Users/sebgates/testci4blog/system/Database/BaseBuilder.php(1845): CodeIgniter\Database\BaseConnection->query('SELECT *\nFROM `...', Array, false)
#3 /Users/sebgates/testci4blog/system/Model.php(445): CodeIgniter\Database\BaseBuilder->get()
#4 /Users/sebgates/testci4blog/app/Controllers/Posts.php(14): CodeIgniter\Model->findAll()
#5 /Users/sebgates/testci4blog/system/CodeIgniter.php(914): App\Controllers\Posts->index()
#6 /Users/sebgates/testci4blog/system/CodeIgniter.php(400): CodeIgniter\CodeIgniter->runController(Object(App\Controllers\Posts))
#7 /Users/sebgates/testci4blog/system/CodeIgniter.php(308): CodeIgniter\CodeIgniter->handleRequest(NULL, Object(Config\Cache), false)
#8 /Users/sebgates/testci4blog/public/index.php(45): CodeIgniter\CodeIgniter->run()
#9 {main}
CRITICAL - 2020-06-13 04:56:17 --> Access denied for user ''@'localhost' (using password: NO)
#0 /Users/sebgates/testci4blog/system/Database/BaseConnection.php(377): CodeIgniter\Database\MySQLi\Connection->connect(false)
#1 /Users/sebgates/testci4blog/system/Database/BaseConnection.php(643): CodeIgniter\Database\BaseConnection->initialize()
#2 /Users/sebgates/testci4blog/system/Database/BaseBuilder.php(1845): CodeIgniter\Database\BaseConnection->query('SELECT *\nFROM `...', Array, false)
#3 /Users/sebgates/testci4blog/system/Model.php(445): CodeIgniter\Database\BaseBuilder->get()
#4 /Users/sebgates/testci4blog/app/Controllers/Posts.php(14): CodeIgniter\Model->findAll()
#5 /Users/sebgates/testci4blog/system/CodeIgniter.php(914): App\Controllers\Posts->index()
#6 /Users/sebgates/testci4blog/system/CodeIgniter.php(400): CodeIgniter\CodeIgniter->runController(Object(App\Controllers\Posts))
#7 /Users/sebgates/testci4blog/system/CodeIgniter.php(308): CodeIgniter\CodeIgniter->handleRequest(NULL, Object(Config\Cache), false)
#8 /Users/sebgates/testci4blog/public/index.php(45): CodeIgniter\CodeIgniter->run()
#9 {main}
CRITICAL - 2020-06-13 04:56:18 --> Access denied for user ''@'localhost' (using password: NO)
#0 /Users/sebgates/testci4blog/system/Database/BaseConnection.php(377): CodeIgniter\Database\MySQLi\Connection->connect(false)
#1 /Users/sebgates/testci4blog/system/Database/BaseConnection.php(643): CodeIgniter\Database\BaseConnection->initialize()
#2 /Users/sebgates/testci4blog/system/Database/BaseBuilder.php(1845): CodeIgniter\Database\BaseConnection->query('SELECT *\nFROM `...', Array, false)
#3 /Users/sebgates/testci4blog/system/Model.php(445): CodeIgniter\Database\BaseBuilder->get()
#4 /Users/sebgates/testci4blog/app/Controllers/Posts.php(14): CodeIgniter\Model->findAll()
#5 /Users/sebgates/testci4blog/system/CodeIgniter.php(914): App\Controllers\Posts->index()
#6 /Users/sebgates/testci4blog/system/CodeIgniter.php(400): CodeIgniter\CodeIgniter->runController(Object(App\Controllers\Posts))
#7 /Users/sebgates/testci4blog/system/CodeIgniter.php(308): CodeIgniter\CodeIgniter->handleRequest(NULL, Object(Config\Cache), false)
#8 /Users/sebgates/testci4blog/public/index.php(45): CodeIgniter\CodeIgniter->run()
#9 {main}
CRITICAL - 2020-06-13 04:56:57 --> Access denied for user ''@'localhost' (using password: NO)
#0 /Users/sebgates/testci4blog/system/Database/BaseConnection.php(377): CodeIgniter\Database\MySQLi\Connection->connect(false)
#1 /Users/sebgates/testci4blog/system/Database/BaseConnection.php(643): CodeIgniter\Database\BaseConnection->initialize()
#2 /Users/sebgates/testci4blog/system/Database/BaseBuilder.php(1845): CodeIgniter\Database\BaseConnection->query('SELECT *\nFROM `...', Array, false)
#3 /Users/sebgates/testci4blog/system/Model.php(445): CodeIgniter\Database\BaseBuilder->get()
#4 /Users/sebgates/testci4blog/app/Controllers/Posts.php(14): CodeIgniter\Model->findAll()
#5 /Users/sebgates/testci4blog/system/CodeIgniter.php(914): App\Controllers\Posts->index()
#6 /Users/sebgates/testci4blog/system/CodeIgniter.php(400): CodeIgniter\CodeIgniter->runController(Object(App\Controllers\Posts))
#7 /Users/sebgates/testci4blog/system/CodeIgniter.php(308): CodeIgniter\CodeIgniter->handleRequest(NULL, Object(Config\Cache), false)
#8 /Users/sebgates/testci4blog/public/index.php(45): CodeIgniter\CodeIgniter->run()
#9 {main}
